<?xml version="1.0" encoding="UTF-8"?>
<!-- Generated by org.testng.reporters.JUnitReportReporter -->
<testsuite hostname="DESKTOP-I59386F" failures="0" tests="2" name="Practise.Video28" time="2.283" errors="0" timestamp="2023-07-26T19:39:08 IST" skipped="0">
  <testcase classname="Practise.Video28" name="multipleElemet" time="0.103"/>
  <system-out/>
  <testcase classname="Practise.Video28" name="JsonArray" time="2.180"/>
  <system-out/>
</testsuite> <!-- Practise.Video28 -->
