<?xml version="1.0" encoding="UTF-8"?>
<!-- Generated by org.testng.reporters.JUnitReportReporter -->
<testsuite hostname="DESKTOP-I59386F" failures="0" tests="1" name="Practise.Video5_1" time="5.161" errors="0" timestamp="2023-07-14T15:26:30 IST" skipped="0">
  <testcase classname="Practise.Video5_1" name="m1" time="5.161"/>
  <system-out/>
</testsuite> <!-- Practise.Video5_1 -->
