<?xml version="1.0" encoding="UTF-8"?>
<!-- Generated by org.testng.reporters.JUnitReportReporter -->
<testsuite hostname="DESKTOP-I59386F" failures="0" tests="1" name="Practise.Video30FileJsonFetch" time="2.192" errors="0" timestamp="2023-07-27T15:44:42 IST" skipped="0">
  <testcase classname="Practise.Video30FileJsonFetch" name="m1" time="2.192"/>
  <system-out/>
</testsuite> <!-- Practise.Video30FileJsonFetch -->
