<?xml version="1.0" encoding="UTF-8"?>
<!-- Generated by org.testng.reporters.JUnitReportReporter -->
<testsuite hostname="DESKTOP-I59386F" failures="0" tests="1" name="Practise.Video30" time="3.671" errors="0" timestamp="2023-07-29T17:55:45 IST" skipped="0">
  <testcase classname="Practise.Video30" name="fetchMultipleData" time="3.671"/>
  <system-out/>
</testsuite> <!-- Practise.Video30 -->
