<?xml version="1.0" encoding="UTF-8"?>
<!-- Generated by org.testng.reporters.JUnitReportReporter -->
<testsuite hostname="DESKTOP-I59386F" failures="0" tests="1" name="Practise.VIdeo40JsonArrayResponseToJavaList" time="6.021" errors="0" timestamp="2023-08-05T17:09:26 IST" skipped="0">
  <testcase classname="Practise.VIdeo40JsonArrayResponseToJavaList" name="arrayResponseGenric" time="6.021"/>
  <system-out/>
</testsuite> <!-- Practise.VIdeo40JsonArrayResponseToJavaList -->
