<?xml version="1.0" encoding="UTF-8"?>
<!-- Generated by org.testng.reporters.JUnitReportReporter -->
<testsuite hostname="DESKTOP-I59386F" failures="0" tests="1" name="demo.Video54MainClass" time="4.005" errors="0" timestamp="2023-08-11T19:12:17 IST" skipped="0">
  <testcase classname="demo.Video54MainClass" name="nestedObjectPojo" time="4.005"/>
  <system-out/>
</testsuite> <!-- demo.Video54MainClass -->
