<?xml version="1.0" encoding="UTF-8"?>
<!-- Generated by org.testng.reporters.JUnitReportReporter -->
<testsuite hostname="DESKTOP-I59386F" failures="0" tests="2" name="Practise.VV18" time="4.818" errors="0" timestamp="2023-07-19T19:21:21 IST" skipped="0">
  <testcase classname="Practise.VV18" name="responseValidate2" time="1.320"/>
  <system-out/>
  <testcase classname="Practise.VV18" name="responseValidate" time="3.498"/>
  <system-out/>
</testsuite> <!-- Practise.VV18 -->
