<?xml version="1.0" encoding="UTF-8"?>
<!-- Generated by org.testng.reporters.JUnitReportReporter -->
<testsuite hostname="DESKTOP-I59386F" failures="0" tests="1" name="Practise.Video32SchemaValidateer" time="7.224" errors="0" timestamp="2023-07-30T18:08:07 IST" skipped="0">
  <testcase classname="Practise.Video32SchemaValidateer" name="m1" time="7.224"/>
  <system-out/>
</testsuite> <!-- Practise.Video32SchemaValidateer -->
