<?xml version="1.0" encoding="UTF-8"?>
<!-- Generated by org.testng.reporters.JUnitReportReporter -->
<testsuite hostname="DESKTOP-I59386F" failures="0" tests="1" name="Practise.AssertionVideo31InlineAssertion" time="7.677" errors="0" timestamp="2023-07-30T15:16:53 IST" skipped="0">
  <testcase classname="Practise.AssertionVideo31InlineAssertion" name="inlineAssertion" time="7.677"/>
  <system-out/>
</testsuite> <!-- Practise.AssertionVideo31InlineAssertion -->
