<?xml version="1.0" encoding="UTF-8"?>
<!-- Generated by org.testng.reporters.JUnitReportReporter -->
<testsuite hostname="DESKTOP-I59386F" failures="0" tests="1" name="Practise.NestedJsonObject39" time="8.300" errors="0" timestamp="2023-08-03T23:54:04 IST" skipped="0">
  <testcase classname="Practise.NestedJsonObject39" name="jsonIntoObjectData" time="8.300"/>
  <system-out/>
</testsuite> <!-- Practise.NestedJsonObject39 -->
