<?xml version="1.0" encoding="UTF-8"?>
<!-- Generated by org.testng.reporters.JUnitReportReporter -->
<testsuite hostname="DESKTOP-I59386F" failures="0" tests="1" name="video56converSimpleJsonIntoResponsePOJO.ConverArrayToPojo" time="5.307" errors="0" timestamp="2023-08-12T11:38:57 IST" skipped="0">
  <testcase classname="video56converSimpleJsonIntoResponsePOJO.ConverArrayToPojo" name="ArrayPojoConvert" time="5.307"/>
  <system-out/>
</testsuite> <!-- video56converSimpleJsonIntoResponsePOJO.ConverArrayToPojo -->
