<?xml version="1.0" encoding="UTF-8"?>
<!-- Generated by org.testng.reporters.JUnitReportReporter -->
<testsuite hostname="DESKTOP-I59386F" failures="0" tests="1" name="Practise.Video41DynamicElement" time="4.442" errors="0" timestamp="2023-08-07T22:19:27 IST" skipped="0">
  <testcase classname="Practise.Video41DynamicElement" name="dynamicDataFetch" time="4.442"/>
  <system-out/>
</testsuite> <!-- Practise.Video41DynamicElement -->
