<?xml version="1.0" encoding="UTF-8"?>
<!-- Generated by org.testng.reporters.JUnitReportReporter -->
<testsuite hostname="DESKTOP-I59386F" failures="0" tests="1" name="Practise.Assertion31Video" time="5.478" errors="0" timestamp="2023-07-30T13:45:20 IST" skipped="0">
  <testcase classname="Practise.Assertion31Video" name="assertToken" time="5.478"/>
  <system-out/>
</testsuite> <!-- Practise.Assertion31Video -->
