<?xml version="1.0" encoding="UTF-8"?>
<!-- Generated by org.testng.reporters.JUnitReportReporter -->
<testsuite hostname="DESKTOP-I59386F" failures="0" tests="1" name="Practise.ExtrextData" time="4.746" errors="0" timestamp="2023-07-18T15:20:01 IST" skipped="0">
  <testcase classname="Practise.ExtrextData" name="extractData" time="4.746"/>
  <system-out/>
</testsuite> <!-- Practise.ExtrextData -->
