<?xml version="1.0" encoding="UTF-8"?>
<!-- Generated by org.testng.reporters.JUnitReportReporter -->
<testsuite hostname="DESKTOP-I59386F" failures="0" tests="1" name="Practise.Video29" time="2.496" errors="0" timestamp="2023-07-27T15:13:25 IST" skipped="0">
  <testcase classname="Practise.Video29" name="m1" time="2.496"/>
  <system-out/>
</testsuite> <!-- Practise.Video29 -->
