<?xml version="1.0" encoding="UTF-8"?>
<!-- Generated by org.testng.reporters.JUnitReportReporter -->
<testsuite hostname="DESKTOP-I59386F" failures="0" tests="1" name="Video57ConvertArrayResponseToList.Video57SimpleJsonArrayResponseToList" time="5.180" errors="0" timestamp="2023-08-12T12:08:53 IST" skipped="0">
  <testcase classname="Video57ConvertArrayResponseToList.Video57SimpleJsonArrayResponseToList" name="convertToList" time="5.180"/>
  <system-out/>
</testsuite> <!-- Video57ConvertArrayResponseToList.Video57SimpleJsonArrayResponseToList -->
