<?xml version="1.0" encoding="UTF-8"?>
<!-- Generated by org.testng.reporters.JUnitReportReporter -->
<testsuite hostname="DESKTOP-I59386F" failures="0" tests="2" name="Practise.DefaultValuesInVideo21" time="5.391" errors="0" timestamp="2023-07-23T20:08:47 IST" skipped="0">
  <testcase classname="Practise.DefaultValuesInVideo21" name="defaultTime" time="3.843"/>
  <system-out/>
  <testcase classname="Practise.DefaultValuesInVideo21" name="defaultTime1" time="1.548"/>
  <system-out/>
</testsuite> <!-- Practise.DefaultValuesInVideo21 -->
