<?xml version="1.0" encoding="UTF-8"?>
<!-- Generated by org.testng.reporters.JUnitReportReporter -->
<testsuite hostname="DESKTOP-I59386F" failures="0" tests="1" name="Practise.Video53JsonResponsetoPojo" time="5.439" errors="0" timestamp="2023-08-11T00:09:43 IST" skipped="0">
  <testcase classname="Practise.Video53JsonResponsetoPojo" name="resToPojo" time="5.439"/>
  <system-out/>
</testsuite> <!-- Practise.Video53JsonResponsetoPojo -->
