<?xml version="1.0" encoding="UTF-8"?>
<!-- Generated by org.testng.reporters.JUnitReportReporter -->
<testsuite hostname="DESKTOP-I59386F" failures="0" tests="1" name="Practise.Video26JSonFetchData" time="4.076" errors="0" timestamp="2023-07-26T15:03:50 IST" skipped="0">
  <testcase classname="Practise.Video26JSonFetchData" name="JsonDataFetch" time="4.076"/>
  <system-out/>
</testsuite> <!-- Practise.Video26JSonFetchData -->
