<?xml version="1.0" encoding="UTF-8"?>
<!-- Generated by org.testng.reporters.JUnitReportReporter -->
<testsuite hostname="DESKTOP-I59386F" failures="0" tests="1" name="Practise.Video17MultipleData" time="4.730" errors="0" timestamp="2023-07-18T23:43:58 IST" skipped="0">
  <testcase classname="Practise.Video17MultipleData" name="createData" time="4.730"/>
  <system-out/>
</testsuite> <!-- Practise.Video17MultipleData -->
