<?xml version="1.0" encoding="UTF-8"?>
<!-- Generated by org.testng.reporters.JUnitReportReporter -->
<testsuite hostname="DESKTOP-I59386F" failures="0" tests="1" name="Practise.Video5_3" time="4.853" errors="0" timestamp="2023-07-14T15:38:14 IST" skipped="0">
  <testcase classname="Practise.Video5_3" name="getData" time="4.853"/>
  <system-out/>
</testsuite> <!-- Practise.Video5_3 -->
