<?xml version="1.0" encoding="UTF-8"?>
<!-- Generated by org.testng.reporters.JUnitReportReporter -->
<testsuite hostname="DESKTOP-I59386F" failures="0" tests="1" name="Video55ConvertSpecificJsonINtoPOJO.Video55MainClass" time="5.823" errors="0" timestamp="2023-08-11T23:37:13 IST" skipped="0">
  <testcase classname="Video55ConvertSpecificJsonINtoPOJO.Video55MainClass" name="nestedObjectPojo" time="5.823"/>
  <system-out/>
</testsuite> <!-- Video55ConvertSpecificJsonINtoPOJO.Video55MainClass -->
