<?xml version="1.0" encoding="UTF-8"?>
<!-- Generated by org.testng.reporters.JUnitReportReporter -->
<testsuite hostname="DESKTOP-I59386F" failures="0" tests="1" name="Practise.Video31InlineAsserion" time="4.274" errors="0" timestamp="2023-07-30T16:11:35 IST" skipped="0">
  <testcase classname="Practise.Video31InlineAsserion" name="perticularDataThereOrNot" time="4.274"/>
  <system-out/>
</testsuite> <!-- Practise.Video31InlineAsserion -->
