<?xml version="1.0" encoding="UTF-8"?>
<!-- Generated by org.testng.reporters.JUnitReportReporter -->
<testsuite hostname="DESKTOP-I59386F" failures="0" tests="1" name="Practise.Video39JsonIntoObject" time="3.734" errors="0" timestamp="2023-08-03T19:19:07 IST" skipped="0">
  <testcase classname="Practise.Video39JsonIntoObject" name="jsonIntoObjectData" time="3.734"/>
  <system-out/>
</testsuite> <!-- Practise.Video39JsonIntoObject -->
