<?xml version="1.0" encoding="UTF-8"?>
<!-- Generated by org.testng.reporters.JUnitReportReporter -->
<testsuite hostname="DESKTOP-I59386F" failures="0" tests="1" name="Practise.UsingTimeUnitvIDEO20" time="5.829" errors="0" timestamp="2023-07-21T22:13:44 IST" skipped="0">
  <testcase classname="Practise.UsingTimeUnitvIDEO20" name="timeCheckData" time="5.829"/>
  <system-out/>
</testsuite> <!-- Practise.UsingTimeUnitvIDEO20 -->
