<?xml version="1.0" encoding="UTF-8"?>
<!-- Generated by org.testng.reporters.JUnitReportReporter -->
<testsuite hostname="DESKTOP-I59386F" failures="0" tests="1" name="Practise.UsingBothReqResSpecification" time="5.214" errors="0" timestamp="2023-07-19T23:51:46 IST" skipped="0">
  <testcase classname="Practise.UsingBothReqResSpecification" name="m1" time="5.214"/>
  <system-out/>
</testsuite> <!-- Practise.UsingBothReqResSpecification -->
