<?xml version="1.0" encoding="UTF-8"?>
<!-- Generated by org.testng.reporters.JUnitReportReporter -->
<testsuite hostname="DESKTOP-I59386F" failures="0" tests="2" name="Practise.MainSharingClass" time="6.965" errors="0" timestamp="2023-08-08T23:16:42 IST" skipped="0">
  <testcase classname="Practise.MainSharingClass" name="dataidCreate" time="5.275"/>
  <system-out/>
  <testcase classname="Practise.MainSharingClass" name="dataIdfetch" time="1.690"/>
  <system-out/>
</testsuite> <!-- Practise.MainSharingClass -->
