<?xml version="1.0" encoding="UTF-8"?>
<!-- Generated by org.testng.reporters.JUnitReportReporter -->
<testsuite hostname="DESKTOP-I59386F" failures="0" tests="1" name="Practise.Video24JsonIntro" time="2.135" errors="0" timestamp="2023-07-25T15:22:10 IST" skipped="0">
  <testcase classname="Practise.Video24JsonIntro" name="JsonIntroData" time="2.135"/>
  <system-out/>
</testsuite> <!-- Practise.Video24JsonIntro -->
