<?xml version="1.0" encoding="UTF-8"?>
<!-- Generated by org.testng.reporters.JUnitReportReporter -->
<testsuite hostname="DESKTOP-I59386F" failures="0" tests="2" name="Practise.Video44ShareDataByListner" time="7.129" errors="0" timestamp="2023-08-09T19:16:12 IST" skipped="0">
  <testcase classname="Practise.Video44ShareDataByListner" name="sharDataByListner" time="5.685"/>
  <system-out/>
  <testcase classname="Practise.Video44ShareDataByListner" name="getDataByListner" time="1.444"/>
  <system-out/>
</testsuite> <!-- Practise.Video44ShareDataByListner -->
